This file contains any messages produced by compilers while
running configure, to aid debugging if configure makes a mistake.

It was created by configure, which was
generated by GNU Autoconf 2.69.  Invocation command line was

  $ ./configure 

## --------- ##
## Platform. ##
## --------- ##

hostname = holylogin03.rc.fas.harvard.edu
uname -m = x86_64
uname -r = 3.10.0-693.21.1.el7.x86_64
uname -s = Linux
uname -v = #1 SMP Wed Mar 7 19:03:37 UTC 2018

/usr/bin/uname -p = x86_64
/bin/uname -X     = unknown

/bin/arch              = x86_64
/usr/bin/arch -k       = unknown
/usr/convex/getsysinfo = unknown
/usr/bin/hostinfo      = unknown
/bin/machine           = unknown
/usr/bin/oslevel       = unknown
/bin/universe          = unknown

PATH: /n/helmod/apps/centos7/Core/gnuplot/5.2.6-fasrc01/bin
PATH: /n/helmod/apps/centos7/Core/Anaconda/5.0.1-fasrc02/x/bin
PATH: /n/sw/intel-cluster-studio-2015/advisor_xe
PATH: /n/sw/intel-cluster-studio-2015/inspector_xe
PATH: /n/sw/intel-cluster-studio-2015/vtune_amplifier_xe
PATH: /n/sw/intel-cluster-studio-2015/bin
PATH: /usr/local/bin
PATH: /usr/lib64/qt-3.3/bin
PATH: /usr/bin
PATH: /opt/dell/srvadmin/bin
PATH: /n/home02/toshiyan/bin
PATH: /n/home02/toshiyan/Lib/mylib/py


## ----------- ##
## Core tests. ##
## ----------- ##

configure:2107: checking build system type
configure:2121: result: x86_64-unknown-linux-gnu
configure:2141: checking host system type
configure:2154: result: x86_64-unknown-linux-gnu
configure:2174: checking target system type
configure:2187: result: x86_64-unknown-linux-gnu
configure:2348: checking for gcc
configure:2375: result: icc
configure:2604: checking for C compiler version
configure:2613: icc --version >&5
icc (ICC) 15.0.0 20140723
Copyright (C) 1985-2014 Intel Corporation.  All rights reserved.

configure:2624: $? = 0
configure:2613: icc -v >&5
icc version 15.0.0 (gcc version 4.8.5 compatibility)
configure:2624: $? = 0
configure:2613: icc -V >&5
Intel(R) C Intel(R) 64 Compiler XE for applications running on Intel(R) 64, Version 15.0.0.090 Build 20140723
Copyright (C) 1985-2014 Intel Corporation.  All rights reserved.

configure:2624: $? = 0
configure:2613: icc -qversion >&5
icc: command line warning #10006: ignoring unknown option '-qversion'
icc: command line error: no files specified; for help type "icc -help"
configure:2624: $? = 1
configure:2644: checking whether the C compiler works
configure:2666: icc    conftest.c  >&5
configure:2670: $? = 0
configure:2718: result: yes
configure:2721: checking for C compiler default output file name
configure:2723: result: a.out
configure:2729: checking for suffix of executables
configure:2736: icc -o conftest    conftest.c  >&5
configure:2740: $? = 0
configure:2762: result: 
configure:2784: checking whether we are cross compiling
configure:2792: icc -o conftest    conftest.c  >&5
configure:2796: $? = 0
configure:2803: ./conftest
configure:2807: $? = 0
configure:2822: result: no
configure:2827: checking for suffix of object files
configure:2849: icc -c   conftest.c >&5
configure:2853: $? = 0
configure:2874: result: o
configure:2878: checking whether we are using the GNU C compiler
configure:2897: icc -c   conftest.c >&5
configure:2897: $? = 0
configure:2906: result: yes
configure:2915: checking whether icc accepts -g
configure:2935: icc -c -g  conftest.c >&5
configure:2935: $? = 0
configure:2976: result: yes
configure:2993: checking for icc option to accept ISO C89
configure:3056: icc  -c -g -O2  conftest.c >&5
configure:3056: $? = 0
configure:3069: result: none needed
configure:3095: checking how to run the C preprocessor
configure:3126: icc -E  conftest.c
configure:3126: $? = 0
configure:3140: icc -E  conftest.c
conftest.c(9): error #2379: cannot open source file "ac_nonexistent.h"
  #include <ac_nonexistent.h>
                             ^

configure:3140: $? = 2
configure: failed program was:
| /* confdefs.h */
| #define PACKAGE_NAME ""
| #define PACKAGE_TARNAME ""
| #define PACKAGE_VERSION ""
| #define PACKAGE_STRING ""
| #define PACKAGE_BUGREPORT ""
| #define PACKAGE_URL ""
| /* end confdefs.h.  */
| #include <ac_nonexistent.h>
configure:3165: result: icc -E
configure:3185: icc -E  conftest.c
configure:3185: $? = 0
configure:3199: icc -E  conftest.c
conftest.c(9): error #2379: cannot open source file "ac_nonexistent.h"
  #include <ac_nonexistent.h>
                             ^

configure:3199: $? = 2
configure: failed program was:
| /* confdefs.h */
| #define PACKAGE_NAME ""
| #define PACKAGE_TARNAME ""
| #define PACKAGE_VERSION ""
| #define PACKAGE_STRING ""
| #define PACKAGE_BUGREPORT ""
| #define PACKAGE_URL ""
| /* end confdefs.h.  */
| #include <ac_nonexistent.h>
configure:3228: checking for grep that handles long lines and -e
configure:3286: result: /usr/bin/grep
configure:3291: checking for egrep
configure:3353: result: /usr/bin/grep -E
configure:3358: checking for ANSI C header files
configure:3378: icc -c -g -O2  conftest.c >&5
configure:3378: $? = 0
configure:3451: icc -o conftest -g -O2   conftest.c  >&5
configure:3451: $? = 0
configure:3451: ./conftest
configure:3451: $? = 0
configure:3462: result: yes
configure:3475: checking for sys/types.h
configure:3475: icc -c -g -O2  conftest.c >&5
configure:3475: $? = 0
configure:3475: result: yes
configure:3475: checking for sys/stat.h
configure:3475: icc -c -g -O2  conftest.c >&5
configure:3475: $? = 0
configure:3475: result: yes
configure:3475: checking for stdlib.h
configure:3475: icc -c -g -O2  conftest.c >&5
configure:3475: $? = 0
configure:3475: result: yes
configure:3475: checking for string.h
configure:3475: icc -c -g -O2  conftest.c >&5
configure:3475: $? = 0
configure:3475: result: yes
configure:3475: checking for memory.h
configure:3475: icc -c -g -O2  conftest.c >&5
configure:3475: $? = 0
configure:3475: result: yes
configure:3475: checking for strings.h
configure:3475: icc -c -g -O2  conftest.c >&5
configure:3475: $? = 0
configure:3475: result: yes
configure:3475: checking for inttypes.h
configure:3475: icc -c -g -O2  conftest.c >&5
configure:3475: $? = 0
configure:3475: result: yes
configure:3475: checking for stdint.h
configure:3475: icc -c -g -O2  conftest.c >&5
configure:3475: $? = 0
configure:3475: result: yes
configure:3475: checking for unistd.h
configure:3475: icc -c -g -O2  conftest.c >&5
configure:3475: $? = 0
configure:3475: result: yes
configure:3515: checking bzlib.h usability
configure:3515: icc -c -g -O2  conftest.c >&5
configure:3515: $? = 0
configure:3515: result: yes
configure:3515: checking bzlib.h presence
configure:3515: icc -E  conftest.c
configure:3515: $? = 0
configure:3515: result: yes
configure:3515: checking for bzlib.h
configure:3515: result: yes
configure:3696: checking for gcc
configure:3723: result: icc
configure:3952: checking for C compiler version
configure:3961: icc --version >&5
icc (ICC) 15.0.0 20140723
Copyright (C) 1985-2014 Intel Corporation.  All rights reserved.

configure:3972: $? = 0
configure:3961: icc -v >&5
icc version 15.0.0 (gcc version 4.8.5 compatibility)
configure:3972: $? = 0
configure:3961: icc -V >&5
Intel(R) C Intel(R) 64 Compiler XE for applications running on Intel(R) 64, Version 15.0.0.090 Build 20140723
Copyright (C) 1985-2014 Intel Corporation.  All rights reserved.

configure:3972: $? = 0
configure:3961: icc -qversion >&5
icc: command line warning #10006: ignoring unknown option '-qversion'
icc: command line error: no files specified; for help type "icc -help"
configure:3972: $? = 1
configure:3976: checking whether we are using the GNU C compiler
configure:4004: result: yes
configure:4013: checking whether icc accepts -g
configure:4074: result: yes
configure:4091: checking for icc option to accept ISO C89
configure:4167: result: none needed
configure:4200: checking for gfortran
configure:4227: result: ifort
configure:4272: checking for ar
configure:4288: found /usr/bin/ar
configure:4300: result: ar
configure:4357: checking for ranlib
configure:4373: found /usr/bin/ranlib
configure:4384: result: ranlib
configure:4410: checking for stdlib.h
configure:4410: result: yes
configure:4410: checking for string.h
configure:4410: result: yes
configure:4410: checking math.h usability
configure:4410: icc -c -g -O2  conftest.c >&5
configure:4410: $? = 0
configure:4410: result: yes
configure:4410: checking math.h presence
configure:4410: icc -E  conftest.c
configure:4410: $? = 0
configure:4410: result: yes
configure:4410: checking for math.h
configure:4410: result: yes
configure:4410: checking limits.h usability
configure:4410: icc -c -g -O2  conftest.c >&5
configure:4410: $? = 0
configure:4410: result: yes
configure:4410: checking limits.h presence
configure:4410: icc -E  conftest.c
configure:4410: $? = 0
configure:4410: result: yes
configure:4410: checking for limits.h
configure:4410: result: yes
configure:4433: icc -c -g -O2  conftest.c >&5
configure:4433: $? = 0
configure:4782: checking "whether ftruncate works"
configure:4798: icc -o conftest -g -O2  -fPIC   conftest.c  >&5
configure:4798: $? = 0
configure:4802: result: "yes"
configure:4816: checking "whether long long is defined"
configure:4832: icc -c -g -O2  -fPIC  conftest.c >&5
configure:4832: $? = 0
configure:4836: result: "yes"
configure:4857: checking "whether system V style IPC services are supported"
configure:4878: icc -o conftest -g -O2  -fPIC   conftest.c  >&5
configure:4878: $? = 0
configure:4883: result: "yes"
configure:4899: checking "do we have flock_t defined in sys/fcntl.h"
configure:4915: icc -c -g -O2  -fPIC  conftest.c >&5
conftest.c(36): error: identifier "flock_t" is undefined
  flock_t filler;
  ^

compilation aborted for conftest.c (code 2)
configure:4915: $? = 2
configure: failed program was:
| /* confdefs.h */
| #define PACKAGE_NAME ""
| #define PACKAGE_TARNAME ""
| #define PACKAGE_VERSION ""
| #define PACKAGE_STRING ""
| #define PACKAGE_BUGREPORT ""
| #define PACKAGE_URL ""
| #define STDC_HEADERS 1
| #define HAVE_SYS_TYPES_H 1
| #define HAVE_SYS_STAT_H 1
| #define HAVE_STDLIB_H 1
| #define HAVE_STRING_H 1
| #define HAVE_MEMORY_H 1
| #define HAVE_STRINGS_H 1
| #define HAVE_INTTYPES_H 1
| #define HAVE_STDINT_H 1
| #define HAVE_UNISTD_H 1
| #define HAVE_BZLIB_H 1
| #define HAVE_BZIP2 1
| #define HAVE_STDLIB_H 1
| #define HAVE_STRING_H 1
| #define HAVE_MATH_H 1
| #define HAVE_LIMITS_H 1
| #define _LARGEFILE_SOURCE 1
| #define _FILE_OFFSET_BITS 64
| #define HAVE_FTRUNCATE 1
| #define HAVE_LONGLONG 1
| #define HAVE_SHMEM_SERVICES 1
| /* end confdefs.h.  */
| #include <sys/fcntl.h>
| 
| int
| main ()
| {
| 
| flock_t filler;
| 
|   ;
|   return 0;
| }
configure:4923: result: "no"
configure:4929: checking "do we have flock_t defined in sys/flock.h"
configure:4945: icc -c -g -O2  -fPIC  conftest.c >&5
conftest.c(30): catastrophic error: cannot open source file "sys/flock.h"
  #include <sys/flock.h>
                        ^

compilation aborted for conftest.c (code 4)
configure:4945: $? = 4
configure: failed program was:
| /* confdefs.h */
| #define PACKAGE_NAME ""
| #define PACKAGE_TARNAME ""
| #define PACKAGE_VERSION ""
| #define PACKAGE_STRING ""
| #define PACKAGE_BUGREPORT ""
| #define PACKAGE_URL ""
| #define STDC_HEADERS 1
| #define HAVE_SYS_TYPES_H 1
| #define HAVE_SYS_STAT_H 1
| #define HAVE_STDLIB_H 1
| #define HAVE_STRING_H 1
| #define HAVE_MEMORY_H 1
| #define HAVE_STRINGS_H 1
| #define HAVE_INTTYPES_H 1
| #define HAVE_STDINT_H 1
| #define HAVE_UNISTD_H 1
| #define HAVE_BZLIB_H 1
| #define HAVE_BZIP2 1
| #define HAVE_STDLIB_H 1
| #define HAVE_STRING_H 1
| #define HAVE_MATH_H 1
| #define HAVE_LIMITS_H 1
| #define _LARGEFILE_SOURCE 1
| #define _FILE_OFFSET_BITS 64
| #define HAVE_FTRUNCATE 1
| #define HAVE_LONGLONG 1
| #define HAVE_SHMEM_SERVICES 1
| /* end confdefs.h.  */
| #include <sys/flock.h>
| 
| int
| main ()
| {
| 
|    flock_t filler;
| 
|   ;
|   return 0;
| }
configure:4953: result: "no"
configure:4964: checking "do we have union semun defined"
configure:4982: icc -c -g -O2  -fPIC  conftest.c >&5
conftest.c(38): error: incomplete type is not allowed
  union semun filler;
              ^

compilation aborted for conftest.c (code 2)
configure:4982: $? = 2
configure: failed program was:
| /* confdefs.h */
| #define PACKAGE_NAME ""
| #define PACKAGE_TARNAME ""
| #define PACKAGE_VERSION ""
| #define PACKAGE_STRING ""
| #define PACKAGE_BUGREPORT ""
| #define PACKAGE_URL ""
| #define STDC_HEADERS 1
| #define HAVE_SYS_TYPES_H 1
| #define HAVE_SYS_STAT_H 1
| #define HAVE_STDLIB_H 1
| #define HAVE_STRING_H 1
| #define HAVE_MEMORY_H 1
| #define HAVE_STRINGS_H 1
| #define HAVE_INTTYPES_H 1
| #define HAVE_STDINT_H 1
| #define HAVE_UNISTD_H 1
| #define HAVE_BZLIB_H 1
| #define HAVE_BZIP2 1
| #define HAVE_STDLIB_H 1
| #define HAVE_STRING_H 1
| #define HAVE_MATH_H 1
| #define HAVE_LIMITS_H 1
| #define _LARGEFILE_SOURCE 1
| #define _FILE_OFFSET_BITS 64
| #define HAVE_FTRUNCATE 1
| #define HAVE_LONGLONG 1
| #define HAVE_SHMEM_SERVICES 1
| /* end confdefs.h.  */
| #include <sys/ipc.h>
| #include <sys/shm.h>
| #include <sys/sem.h>
| 
| int
| main ()
| {
| 
| union semun filler;
| 
|   ;
|   return 0;
| }
configure:4990: result: "no"
configure:4998: checking for library containing gethostbyname
configure:5029: icc -o conftest -g -O2  -fPIC   conftest.c  >&5
configure:5029: $? = 0
configure:5046: result: none required
configure:5056: checking for library containing connect
configure:5087: icc -o conftest -g -O2  -fPIC   conftest.c  >&5
configure:5087: $? = 0
configure:5104: result: none required
configure:5324: creating ./config.status

## ---------------------- ##
## Running config.status. ##
## ---------------------- ##

This file was extended by config.status, which was
generated by GNU Autoconf 2.69.  Invocation command line was

  CONFIG_FILES    = 
  CONFIG_HEADERS  = 
  CONFIG_LINKS    = 
  CONFIG_COMMANDS = 
  $ ./config.status 

on holylogin03.rc.fas.harvard.edu

config.status:754: creating Makefile
configure:6481: creating ./config.status

## ---------------------- ##
## Running config.status. ##
## ---------------------- ##

This file was extended by config.status, which was
generated by GNU Autoconf 2.69.  Invocation command line was

  CONFIG_FILES    = 
  CONFIG_HEADERS  = 
  CONFIG_LINKS    = 
  CONFIG_COMMANDS = 
  $ ./config.status 

on holylogin03.rc.fas.harvard.edu

config.status:755: creating Makefile
config.status:755: creating cfitsio.pc
configure:7489: result: 
configure:7491: result:     Congratulations, Makefile update was successful.
configure:7493: result:     You may want to run "make" now.
configure:7495: result: 

## ---------------- ##
## Cache variables. ##
## ---------------- ##

ac_cv_build=x86_64-unknown-linux-gnu
ac_cv_c_compiler_gnu=yes
ac_cv_env_CC_set=set
ac_cv_env_CC_value=icc
ac_cv_env_CFLAGS_set=
ac_cv_env_CFLAGS_value=
ac_cv_env_CPPFLAGS_set=
ac_cv_env_CPPFLAGS_value=
ac_cv_env_CPP_set=
ac_cv_env_CPP_value=
ac_cv_env_LDFLAGS_set=
ac_cv_env_LDFLAGS_value=
ac_cv_env_LIBS_set=
ac_cv_env_LIBS_value=
ac_cv_env_build_alias_set=
ac_cv_env_build_alias_value=
ac_cv_env_host_alias_set=
ac_cv_env_host_alias_value=
ac_cv_env_target_alias_set=
ac_cv_env_target_alias_value=
ac_cv_header_bzlib_h=yes
ac_cv_header_inttypes_h=yes
ac_cv_header_limits_h=yes
ac_cv_header_math_h=yes
ac_cv_header_memory_h=yes
ac_cv_header_stdc=yes
ac_cv_header_stdint_h=yes
ac_cv_header_stdlib_h=yes
ac_cv_header_string_h=yes
ac_cv_header_strings_h=yes
ac_cv_header_sys_stat_h=yes
ac_cv_header_sys_types_h=yes
ac_cv_header_unistd_h=yes
ac_cv_host=x86_64-unknown-linux-gnu
ac_cv_objext=o
ac_cv_path_EGREP='/usr/bin/grep -E'
ac_cv_path_GREP=/usr/bin/grep
ac_cv_prog_AR=ar
ac_cv_prog_CPP='icc -E'
ac_cv_prog_FC=ifort
ac_cv_prog_ac_ct_CC=icc
ac_cv_prog_ac_ct_RANLIB=ranlib
ac_cv_prog_cc_c89=
ac_cv_prog_cc_g=yes
ac_cv_search_connect='none required'
ac_cv_search_gethostbyname='none required'
ac_cv_target=x86_64-unknown-linux-gnu

## ----------------- ##
## Output variables. ##
## ----------------- ##

AR='ar'
ARCH='linux'
ARCHIVE='ar rv'
CC='icc'
CFITSIO_MAJOR='3'
CFITSIO_MINOR='37'
CFITSIO_SHLIB='libcfitsio${SHLIB_SUFFIX}.${CFITSIO_SONAME}.${CFITSIO_MAJOR}.${CFITSIO_MINOR}'
CFITSIO_SHLIB_SONAME='libcfitsio${SHLIB_SUFFIX}.${CFITSIO_SONAME}'
CFITSIO_SONAME='2'
CFLAGS='-g -O2  -fPIC'
CPP='icc -E'
CPPFLAGS=''
DEFS='-DPACKAGE_NAME=\"\" -DPACKAGE_TARNAME=\"\" -DPACKAGE_VERSION=\"\" -DPACKAGE_STRING=\"\" -DPACKAGE_BUGREPORT=\"\" -DPACKAGE_URL=\"\" -DSTDC_HEADERS=1 -DHAVE_SYS_TYPES_H=1 -DHAVE_SYS_STAT_H=1 -DHAVE_STDLIB_H=1 -DHAVE_STRING_H=1 -DHAVE_MEMORY_H=1 -DHAVE_STRINGS_H=1 -DHAVE_INTTYPES_H=1 -DHAVE_STDINT_H=1 -DHAVE_UNISTD_H=1 -DHAVE_BZLIB_H=1 -DHAVE_BZIP2=1 -DHAVE_STDLIB_H=1 -DHAVE_STRING_H=1 -DHAVE_MATH_H=1 -DHAVE_LIMITS_H=1 -D_LARGEFILE_SOURCE=1 -D_FILE_OFFSET_BITS=64 -DHAVE_FTRUNCATE=1 -DHAVE_LONGLONG=1 -DHAVE_SHMEM_SERVICES=1 -DHAVE_NET_SERVICES=1'
ECHO_C=''
ECHO_N='-n'
ECHO_T=''
EGREP='/usr/bin/grep -E'
EXEEXT=''
F77_WRAPPERS='${FITSIO_SRC}'
FC='ifort'
GCCVERSION='15.0.0'
GREP='/usr/bin/grep'
INSTALL_ROOT='${prefix}'
LDFLAGS=''
LIBOBJS=''
LIBPRE=''
LIBS=''
LTLIBOBJS=''
OBJEXT='o'
PACKAGE_BUGREPORT=''
PACKAGE_NAME=''
PACKAGE_STRING=''
PACKAGE_TARNAME=''
PACKAGE_URL=''
PACKAGE_VERSION=''
PATH_SEPARATOR=':'
RANLIB='ranlib'
SHELL='/bin/sh'
SHLIB_LD='icc -shared -Wl,-soname,libcfitsio${SHLIB_SUFFIX}.${CFITSIO_SONAME}'
SHLIB_SUFFIX='.so'
SSE_FLAGS=''
ac_ct_CC='icc'
bindir='${exec_prefix}/bin'
build='x86_64-unknown-linux-gnu'
build_alias=''
build_cpu='x86_64'
build_os='linux-gnu'
build_vendor='unknown'
datadir='${datarootdir}'
datarootdir='${prefix}/share'
docdir='${datarootdir}/doc/${PACKAGE}'
dvidir='${docdir}'
exec_prefix='${prefix}'
host='x86_64-unknown-linux-gnu'
host_alias=''
host_cpu='x86_64'
host_os='linux-gnu'
host_vendor='unknown'
htmldir='${docdir}'
includedir='${prefix}/include'
infodir='${datarootdir}/info'
libdir='${exec_prefix}/lib'
libexecdir='${exec_prefix}/libexec'
localedir='${datarootdir}/locale'
localstatedir='${prefix}/var'
mandir='${datarootdir}/man'
my_shmem='${SOURCES_SHMEM}'
oldincludedir='/usr/include'
pdfdir='${docdir}'
prefix='/n/home02/toshiyan/Lib/f90/pub/cfitsio/cfitsio'
program_transform_name='s,x,x,'
psdir='${docdir}'
sbindir='${exec_prefix}/sbin'
sharedstatedir='${prefix}/com'
sysconfdir='${prefix}/etc'
target='x86_64-unknown-linux-gnu'
target_alias=''
target_cpu='x86_64'
target_os='linux-gnu'
target_vendor='unknown'

## ----------- ##
## confdefs.h. ##
## ----------- ##

/* confdefs.h */
#define PACKAGE_NAME ""
#define PACKAGE_TARNAME ""
#define PACKAGE_VERSION ""
#define PACKAGE_STRING ""
#define PACKAGE_BUGREPORT ""
#define PACKAGE_URL ""
#define STDC_HEADERS 1
#define HAVE_SYS_TYPES_H 1
#define HAVE_SYS_STAT_H 1
#define HAVE_STDLIB_H 1
#define HAVE_STRING_H 1
#define HAVE_MEMORY_H 1
#define HAVE_STRINGS_H 1
#define HAVE_INTTYPES_H 1
#define HAVE_STDINT_H 1
#define HAVE_UNISTD_H 1
#define HAVE_BZLIB_H 1
#define HAVE_BZIP2 1
#define HAVE_STDLIB_H 1
#define HAVE_STRING_H 1
#define HAVE_MATH_H 1
#define HAVE_LIMITS_H 1
#define _LARGEFILE_SOURCE 1
#define _FILE_OFFSET_BITS 64
#define HAVE_FTRUNCATE 1
#define HAVE_LONGLONG 1
#define HAVE_SHMEM_SERVICES 1
#define HAVE_NET_SERVICES 1

configure: exit 0
